0 info it worked if it ends with ok
1 verbose cli [ 'node', '/usr/local/bin/npm', 'run', 'build-all' ]
2 info using npm@1.4.21
3 info using node@v0.10.30
4 verbose run-script [ 'prebuild-all', 'build-all', 'postbuild-all' ]
5 info prebuild-all list-view@0.0.5
6 info build-all list-view@0.0.5
7 verbose unsafe-perm in lifecycle true
8 info list-view@0.0.5 Failed to exec build-all script
9 error list-view@0.0.5 build-all: `ember build --environment production`
9 error Exit status 1
10 error Failed at the list-view@0.0.5 build-all script.
10 error This is most likely a problem with the list-view package,
10 error not with npm itself.
10 error Tell the author that this fails on your system:
10 error     ember build --environment production
10 error You can get their info via:
10 error     npm owner ls list-view
10 error There is likely additional logging output above.
11 error System Darwin 13.3.0
12 error command "node" "/usr/local/bin/npm" "run" "build-all"
13 error cwd /Users/paloskin/git/list-view
14 error node -v v0.10.30
15 error npm -v 1.4.21
16 error code ELIFECYCLE
17 verbose exit [ 1, true ]
